
  .   ____          _            __ _ _
 /\\ / ___'_ __ _ _(_)_ __  __ _ \ \ \ \
( ( )\___ | '_ | '_| | '_ \/ _` | \ \ \ \
 \\/  ___)| |_)| | | | | || (_| |  ) ) ) )
  '  |____| .__|_| |_|_| |_\__, | / / / /
 =========|_|==============|___/=/_/_/_/
[32m :: Spring Boot :: [39m              [2m (v3.1.1)[0;39m

[2m2025-08-15T14:02:15.080+05:30[0;39m [32m INFO[0;39m [35m24260[0;39m [2m---[0;39m [2m[           main][0;39m [36mc.t.quizservice.QuizServiceApplication  [0;39m [2m:[0;39m Starting QuizServiceApplication v0.0.1-SNAPSHOT using Java 24.0.1 with PID 24260 (/Users/sumith/Desktop/QUIZ-APP/quiz-service/target/quiz-service-0.0.1-SNAPSHOT.jar started by sumith in /Users/sumith/Desktop/QUIZ-APP/quiz-service)
[2m2025-08-15T14:02:15.081+05:30[0;39m [32m INFO[0;39m [35m24260[0;39m [2m---[0;39m [2m[           main][0;39m [36mc.t.quizservice.QuizServiceApplication  [0;39m [2m:[0;39m No active profile set, falling back to 1 default profile: "default"
[2m2025-08-15T14:02:15.515+05:30[0;39m [32m INFO[0;39m [35m24260[0;39m [2m---[0;39m [2m[           main][0;39m [36m.s.d.r.c.RepositoryConfigurationDelegate[0;39m [2m:[0;39m Bootstrapping Spring Data JPA repositories in DEFAULT mode.
[2m2025-08-15T14:02:15.583+05:30[0;39m [32m INFO[0;39m [35m24260[0;39m [2m---[0;39m [2m[           main][0;39m [36m.s.d.r.c.RepositoryConfigurationDelegate[0;39m [2m:[0;39m Finished Spring Data repository scanning in 64 ms. Found 1 JPA repository interfaces.
[2m2025-08-15T14:02:15.698+05:30[0;39m [32m INFO[0;39m [35m24260[0;39m [2m---[0;39m [2m[           main][0;39m [36mo.s.cloud.context.scope.GenericScope    [0;39m [2m:[0;39m BeanFactory id=4a834c7d-99f4-34b0-b65c-1ed8312cb32d
[2m2025-08-15T14:02:15.731+05:30[0;39m [32m INFO[0;39m [35m24260[0;39m [2m---[0;39m [2m[           main][0;39m [36mtrationDelegate$BeanPostProcessorChecker[0;39m [2m:[0;39m Bean 'com.telusko.quizservice.feign.QuizInterface' of type [org.springframework.cloud.openfeign.FeignClientFactoryBean] is not eligible for getting processed by all BeanPostProcessors (for example: not eligible for auto-proxying)
WARNING: A restricted method in java.lang.System has been called
WARNING: java.lang.System::load has been called by org.apache.tomcat.jni.Library in an unnamed module (jar:file:/Users/sumith/Desktop/QUIZ-APP/quiz-service/target/quiz-service-0.0.1-SNAPSHOT.jar!/BOOT-INF/lib/tomcat-embed-core-10.1.10.jar!/)
WARNING: Use --enable-native-access=ALL-UNNAMED to avoid a warning for callers in this module
WARNING: Restricted methods will be blocked in a future release unless native access is enabled

[2m2025-08-15T14:02:15.874+05:30[0;39m [32m INFO[0;39m [35m24260[0;39m [2m---[0;39m [2m[           main][0;39m [36mo.s.b.w.embedded.tomcat.TomcatWebServer [0;39m [2m:[0;39m Tomcat initialized with port(s): 8090 (http)
[2m2025-08-15T14:02:15.879+05:30[0;39m [32m INFO[0;39m [35m24260[0;39m [2m---[0;39m [2m[           main][0;39m [36mo.apache.catalina.core.StandardService  [0;39m [2m:[0;39m Starting service [Tomcat]
[2m2025-08-15T14:02:15.879+05:30[0;39m [32m INFO[0;39m [35m24260[0;39m [2m---[0;39m [2m[           main][0;39m [36mo.apache.catalina.core.StandardEngine   [0;39m [2m:[0;39m Starting Servlet engine: [Apache Tomcat/10.1.10]
[2m2025-08-15T14:02:15.911+05:30[0;39m [32m INFO[0;39m [35m24260[0;39m [2m---[0;39m [2m[           main][0;39m [36mo.a.c.c.C.[Tomcat].[localhost].[/]      [0;39m [2m:[0;39m Initializing Spring embedded WebApplicationContext
[2m2025-08-15T14:02:15.912+05:30[0;39m [32m INFO[0;39m [35m24260[0;39m [2m---[0;39m [2m[           main][0;39m [36mw.s.c.ServletWebServerApplicationContext[0;39m [2m:[0;39m Root WebApplicationContext: initialization completed in 810 ms
[2m2025-08-15T14:02:16.016+05:30[0;39m [32m INFO[0;39m [35m24260[0;39m [2m---[0;39m [2m[           main][0;39m [36mcom.zaxxer.hikari.HikariDataSource      [0;39m [2m:[0;39m HikariPool-1 - Starting...
[2m2025-08-15T14:02:16.105+05:30[0;39m [32m INFO[0;39m [35m24260[0;39m [2m---[0;39m [2m[           main][0;39m [36mcom.zaxxer.hikari.pool.HikariPool       [0;39m [2m:[0;39m HikariPool-1 - Added connection org.postgresql.jdbc.PgConnection@1e8823d2
[2m2025-08-15T14:02:16.105+05:30[0;39m [32m INFO[0;39m [35m24260[0;39m [2m---[0;39m [2m[           main][0;39m [36mcom.zaxxer.hikari.HikariDataSource      [0;39m [2m:[0;39m HikariPool-1 - Start completed.
[2m2025-08-15T14:02:16.135+05:30[0;39m [32m INFO[0;39m [35m24260[0;39m [2m---[0;39m [2m[           main][0;39m [36mo.hibernate.jpa.internal.util.LogHelper [0;39m [2m:[0;39m HHH000204: Processing PersistenceUnitInfo [name: default]
[2m2025-08-15T14:02:16.160+05:30[0;39m [32m INFO[0;39m [35m24260[0;39m [2m---[0;39m [2m[           main][0;39m [36morg.hibernate.Version                   [0;39m [2m:[0;39m HHH000412: Hibernate ORM core version 6.2.5.Final
[2m2025-08-15T14:02:16.161+05:30[0;39m [32m INFO[0;39m [35m24260[0;39m [2m---[0;39m [2m[           main][0;39m [36morg.hibernate.cfg.Environment           [0;39m [2m:[0;39m HHH000406: Using bytecode reflection optimizer
[2m2025-08-15T14:02:16.214+05:30[0;39m [32m INFO[0;39m [35m24260[0;39m [2m---[0;39m [2m[           main][0;39m [36mo.h.b.i.BytecodeProviderInitiator       [0;39m [2m:[0;39m HHH000021: Bytecode provider name : bytebuddy
[2m2025-08-15T14:02:16.263+05:30[0;39m [32m INFO[0;39m [35m24260[0;39m [2m---[0;39m [2m[           main][0;39m [36mo.s.o.j.p.SpringPersistenceUnitInfo     [0;39m [2m:[0;39m No LoadTimeWeaver setup: ignoring JPA class transformer
[2m2025-08-15T14:02:16.345+05:30[0;39m [32m INFO[0;39m [35m24260[0;39m [2m---[0;39m [2m[           main][0;39m [36mo.h.b.i.BytecodeProviderInitiator       [0;39m [2m:[0;39m HHH000021: Bytecode provider name : bytebuddy
[2m2025-08-15T14:02:16.583+05:30[0;39m [32m INFO[0;39m [35m24260[0;39m [2m---[0;39m [2m[           main][0;39m [36mo.h.e.t.j.p.i.JtaPlatformInitiator      [0;39m [2m:[0;39m HHH000490: Using JtaPlatform implementation: [org.hibernate.engine.transaction.jta.platform.internal.NoJtaPlatform]
[2m2025-08-15T14:02:16.625+05:30[0;39m [32m INFO[0;39m [35m24260[0;39m [2m---[0;39m [2m[           main][0;39m [36mj.LocalContainerEntityManagerFactoryBean[0;39m [2m:[0;39m Initialized JPA EntityManagerFactory for persistence unit 'default'
[2m2025-08-15T14:02:16.746+05:30[0;39m [33m WARN[0;39m [35m24260[0;39m [2m---[0;39m [2m[           main][0;39m [36mJpaBaseConfiguration$JpaWebConfiguration[0;39m [2m:[0;39m spring.jpa.open-in-view is enabled by default. Therefore, database queries may be performed during view rendering. Explicitly configure spring.jpa.open-in-view to disable this warning
[2m2025-08-15T14:02:16.761+05:30[0;39m [32m INFO[0;39m [35m24260[0;39m [2m---[0;39m [2m[           main][0;39m [36mo.s.c.openfeign.FeignClientFactoryBean  [0;39m [2m:[0;39m For 'QUESTION-SERVICE' URL not provided. Will try picking an instance via load-balancing.
[2m2025-08-15T14:02:17.000+05:30[0;39m [32m INFO[0;39m [35m24260[0;39m [2m---[0;39m [2m[           main][0;39m [36mDiscoveryClientOptionalArgsConfiguration[0;39m [2m:[0;39m Eureka HTTP Client uses RestTemplate.
[2m2025-08-15T14:02:17.014+05:30[0;39m [33m WARN[0;39m [35m24260[0;39m [2m---[0;39m [2m[           main][0;39m [36miguration$LoadBalancerCaffeineWarnLogger[0;39m [2m:[0;39m Spring Cloud LoadBalancer is currently working with the default cache. While this cache implementation is useful for development and tests, it's recommended to use Caffeine cache in production.You can switch to using Caffeine cache, by adding it and org.springframework.cache.caffeine.CaffeineCacheManager to the classpath.
[2m2025-08-15T14:02:17.019+05:30[0;39m [32m INFO[0;39m [35m24260[0;39m [2m---[0;39m [2m[           main][0;39m [36mo.s.b.a.e.web.EndpointLinksResolver     [0;39m [2m:[0;39m Exposing 3 endpoint(s) beneath base path '/actuator'
[2m2025-08-15T14:02:17.045+05:30[0;39m [32m INFO[0;39m [35m24260[0;39m [2m---[0;39m [2m[           main][0;39m [36mo.s.c.n.eureka.InstanceInfoFactory      [0;39m [2m:[0;39m Setting initial instance status as: STARTING
[2m2025-08-15T14:02:17.095+05:30[0;39m [32m INFO[0;39m [35m24260[0;39m [2m---[0;39m [2m[           main][0;39m [36mcom.netflix.discovery.DiscoveryClient   [0;39m [2m:[0;39m Initializing Eureka in region us-east-1
[2m2025-08-15T14:02:17.097+05:30[0;39m [32m INFO[0;39m [35m24260[0;39m [2m---[0;39m [2m[           main][0;39m [36mc.n.d.s.r.aws.ConfigClusterResolver     [0;39m [2m:[0;39m Resolving eureka endpoints via configuration
[2m2025-08-15T14:02:17.108+05:30[0;39m [32m INFO[0;39m [35m24260[0;39m [2m---[0;39m [2m[           main][0;39m [36mcom.netflix.discovery.DiscoveryClient   [0;39m [2m:[0;39m Disable delta property : false
[2m2025-08-15T14:02:17.108+05:30[0;39m [32m INFO[0;39m [35m24260[0;39m [2m---[0;39m [2m[           main][0;39m [36mcom.netflix.discovery.DiscoveryClient   [0;39m [2m:[0;39m Single vip registry refresh property : null
[2m2025-08-15T14:02:17.108+05:30[0;39m [32m INFO[0;39m [35m24260[0;39m [2m---[0;39m [2m[           main][0;39m [36mcom.netflix.discovery.DiscoveryClient   [0;39m [2m:[0;39m Force full registry fetch : false
[2m2025-08-15T14:02:17.108+05:30[0;39m [32m INFO[0;39m [35m24260[0;39m [2m---[0;39m [2m[           main][0;39m [36mcom.netflix.discovery.DiscoveryClient   [0;39m [2m:[0;39m Application is null : false
[2m2025-08-15T14:02:17.108+05:30[0;39m [32m INFO[0;39m [35m24260[0;39m [2m---[0;39m [2m[           main][0;39m [36mcom.netflix.discovery.DiscoveryClient   [0;39m [2m:[0;39m Registered Applications size is zero : true
[2m2025-08-15T14:02:17.108+05:30[0;39m [32m INFO[0;39m [35m24260[0;39m [2m---[0;39m [2m[           main][0;39m [36mcom.netflix.discovery.DiscoveryClient   [0;39m [2m:[0;39m Application version is -1: true
[2m2025-08-15T14:02:17.108+05:30[0;39m [32m INFO[0;39m [35m24260[0;39m [2m---[0;39m [2m[           main][0;39m [36mcom.netflix.discovery.DiscoveryClient   [0;39m [2m:[0;39m Getting all instance registry info from the eureka server
[2m2025-08-15T14:02:17.273+05:30[0;39m [32m INFO[0;39m [35m24260[0;39m [2m---[0;39m [2m[           main][0;39m [36mcom.netflix.discovery.DiscoveryClient   [0;39m [2m:[0;39m The response status is 200
[2m2025-08-15T14:02:17.274+05:30[0;39m [32m INFO[0;39m [35m24260[0;39m [2m---[0;39m [2m[           main][0;39m [36mcom.netflix.discovery.DiscoveryClient   [0;39m [2m:[0;39m Starting heartbeat executor: renew interval is: 30
[2m2025-08-15T14:02:17.275+05:30[0;39m [32m INFO[0;39m [35m24260[0;39m [2m---[0;39m [2m[           main][0;39m [36mc.n.discovery.InstanceInfoReplicator    [0;39m [2m:[0;39m InstanceInfoReplicator onDemand update allowed rate per min is 4
[2m2025-08-15T14:02:17.277+05:30[0;39m [32m INFO[0;39m [35m24260[0;39m [2m---[0;39m [2m[           main][0;39m [36mcom.netflix.discovery.DiscoveryClient   [0;39m [2m:[0;39m Discovery Client initialized at timestamp 1755246737277 with initial instances count: 4
[2m2025-08-15T14:02:17.279+05:30[0;39m [32m INFO[0;39m [35m24260[0;39m [2m---[0;39m [2m[           main][0;39m [36mo.s.c.n.e.s.EurekaServiceRegistry       [0;39m [2m:[0;39m Registering application QUIZ-SERVICE with eureka with status UP
[2m2025-08-15T14:02:17.279+05:30[0;39m [32m INFO[0;39m [35m24260[0;39m [2m---[0;39m [2m[           main][0;39m [36mcom.netflix.discovery.DiscoveryClient   [0;39m [2m:[0;39m Saw local status change event StatusChangeEvent [timestamp=1755246737279, current=UP, previous=STARTING]
[2m2025-08-15T14:02:17.279+05:30[0;39m [32m INFO[0;39m [35m24260[0;39m [2m---[0;39m [2m[nfoReplicator-0][0;39m [36mcom.netflix.discovery.DiscoveryClient   [0;39m [2m:[0;39m DiscoveryClient_QUIZ-SERVICE/mac.lan:quiz-service:8090: registering service...
[2m2025-08-15T14:02:17.286+05:30[0;39m [32m INFO[0;39m [35m24260[0;39m [2m---[0;39m [2m[           main][0;39m [36mo.s.b.w.embedded.tomcat.TomcatWebServer [0;39m [2m:[0;39m Tomcat started on port(s): 8090 (http) with context path ''
[2m2025-08-15T14:02:17.286+05:30[0;39m [32m INFO[0;39m [35m24260[0;39m [2m---[0;39m [2m[           main][0;39m [36m.s.c.n.e.s.EurekaAutoServiceRegistration[0;39m [2m:[0;39m Updating port to 8090
[2m2025-08-15T14:02:17.295+05:30[0;39m [32m INFO[0;39m [35m24260[0;39m [2m---[0;39m [2m[nfoReplicator-0][0;39m [36mcom.netflix.discovery.DiscoveryClient   [0;39m [2m:[0;39m DiscoveryClient_QUIZ-SERVICE/mac.lan:quiz-service:8090 - registration status: 204
[2m2025-08-15T14:02:17.299+05:30[0;39m [32m INFO[0;39m [35m24260[0;39m [2m---[0;39m [2m[           main][0;39m [36mc.t.quizservice.QuizServiceApplication  [0;39m [2m:[0;39m Started QuizServiceApplication in 3.274 seconds (process running for 3.468)
[2m2025-08-15T14:02:41.580+05:30[0;39m [32m INFO[0;39m [35m24260[0;39m [2m---[0;39m [2m[nio-8090-exec-1][0;39m [36mo.a.c.c.C.[Tomcat].[localhost].[/]      [0;39m [2m:[0;39m Initializing Spring DispatcherServlet 'dispatcherServlet'
[2m2025-08-15T14:02:41.580+05:30[0;39m [32m INFO[0;39m [35m24260[0;39m [2m---[0;39m [2m[nio-8090-exec-1][0;39m [36mo.s.web.servlet.DispatcherServlet       [0;39m [2m:[0;39m Initializing Servlet 'dispatcherServlet'
[2m2025-08-15T14:02:41.580+05:30[0;39m [32m INFO[0;39m [35m24260[0;39m [2m---[0;39m [2m[nio-8090-exec-1][0;39m [36mo.s.web.servlet.DispatcherServlet       [0;39m [2m:[0;39m Completed initialization in 0 ms
[2m2025-08-15T14:07:17.116+05:30[0;39m [32m INFO[0;39m [35m24260[0;39m [2m---[0;39m [2m[trap-executor-0][0;39m [36mc.n.d.s.r.aws.ConfigClusterResolver     [0;39m [2m:[0;39m Resolving eureka endpoints via configuration
[2m2025-08-15T14:09:53.750+05:30[0;39m [32m INFO[0;39m [35m24260[0;39m [2m---[0;39m [2m[ionShutdownHook][0;39m [36mo.s.c.n.e.s.EurekaServiceRegistry       [0;39m [2m:[0;39m Unregistering application QUIZ-SERVICE with eureka with status DOWN
[2m2025-08-15T14:09:53.752+05:30[0;39m [32m INFO[0;39m [35m24260[0;39m [2m---[0;39m [2m[ionShutdownHook][0;39m [36mcom.netflix.discovery.DiscoveryClient   [0;39m [2m:[0;39m Saw local status change event StatusChangeEvent [timestamp=1755247193752, current=DOWN, previous=UP]
[2m2025-08-15T14:09:53.752+05:30[0;39m [32m INFO[0;39m [35m24260[0;39m [2m---[0;39m [2m[nfoReplicator-0][0;39m [36mcom.netflix.discovery.DiscoveryClient   [0;39m [2m:[0;39m DiscoveryClient_QUIZ-SERVICE/mac.lan:quiz-service:8090: registering service...
[2m2025-08-15T14:09:53.763+05:30[0;39m [32m INFO[0;39m [35m24260[0;39m [2m---[0;39m [2m[nfoReplicator-0][0;39m [36mcom.netflix.discovery.DiscoveryClient   [0;39m [2m:[0;39m DiscoveryClient_QUIZ-SERVICE/mac.lan:quiz-service:8090 - registration status: 204
[2m2025-08-15T14:09:53.777+05:30[0;39m [32m INFO[0;39m [35m24260[0;39m [2m---[0;39m [2m[ionShutdownHook][0;39m [36mj.LocalContainerEntityManagerFactoryBean[0;39m [2m:[0;39m Closing JPA EntityManagerFactory for persistence unit 'default'
[2m2025-08-15T14:09:53.779+05:30[0;39m [32m INFO[0;39m [35m24260[0;39m [2m---[0;39m [2m[ionShutdownHook][0;39m [36mcom.zaxxer.hikari.HikariDataSource      [0;39m [2m:[0;39m HikariPool-1 - Shutdown initiated...
[2m2025-08-15T14:09:53.781+05:30[0;39m [32m INFO[0;39m [35m24260[0;39m [2m---[0;39m [2m[ionShutdownHook][0;39m [36mcom.zaxxer.hikari.HikariDataSource      [0;39m [2m:[0;39m HikariPool-1 - Shutdown completed.
[2m2025-08-15T14:09:53.781+05:30[0;39m [32m INFO[0;39m [35m24260[0;39m [2m---[0;39m [2m[ionShutdownHook][0;39m [36mcom.netflix.discovery.DiscoveryClient   [0;39m [2m:[0;39m Shutting down DiscoveryClient ...
[2m2025-08-15T14:09:56.788+05:30[0;39m [32m INFO[0;39m [35m24260[0;39m [2m---[0;39m [2m[ionShutdownHook][0;39m [36mcom.netflix.discovery.DiscoveryClient   [0;39m [2m:[0;39m Unregistering ...
[2m2025-08-15T14:09:56.796+05:30[0;39m [32m INFO[0;39m [35m24260[0;39m [2m---[0;39m [2m[ionShutdownHook][0;39m [36mcom.netflix.discovery.DiscoveryClient   [0;39m [2m:[0;39m DiscoveryClient_QUIZ-SERVICE/mac.lan:quiz-service:8090 - deregister  status: 200
[2m2025-08-15T14:09:56.799+05:30[0;39m [32m INFO[0;39m [35m24260[0;39m [2m---[0;39m [2m[ionShutdownHook][0;39m [36mcom.netflix.discovery.DiscoveryClient   [0;39m [2m:[0;39m Completed shut down of DiscoveryClient
